*** Hey! This build is potentially outdated :( ***
*** Please check for a new build from https://papermc.io/downloads ***
*** Should this build be outdated, you will get NO support for it. ***
2024-11-02 01:58:19,341 main WARN Advanced terminal features are not available in this environment
[01:58:19 INFO]: Using mbed TLS based native cipher.
[01:58:19 INFO]: Using zlib based native compressor.
[01:58:19 INFO]: Enabled Waterfall version git:Waterfall-Bootstrap:1.19-R0.1-SNAPSHOT:f6069e2:513
[01:58:19 INFO]: Not on Windows, attempting to use enhanced EpollEventLoop
[01:58:20 INFO]: Epoll is working, utilising it!
[01:58:20 INFO]: Discovered module: ModuleSpec(name=cmd_alert, file=modules/cmd_alert.jar, provider=JenkinsModuleSource())
[01:58:20 INFO]: Discovered module: ModuleSpec(name=cmd_find, file=modules/cmd_find.jar, provider=JenkinsModuleSource())
[01:58:20 INFO]: Discovered module: ModuleSpec(name=cmd_list, file=modules/cmd_list.jar, provider=JenkinsModuleSource())
[01:58:20 INFO]: Discovered module: ModuleSpec(name=cmd_send, file=modules/cmd_send.jar, provider=JenkinsModuleSource())
[01:58:20 INFO]: Discovered module: ModuleSpec(name=cmd_server, file=modules/cmd_server.jar, provider=JenkinsModuleSource())
[01:58:20 INFO]: Discovered module: ModuleSpec(name=reconnect_yaml, file=modules/reconnect_yaml.jar, provider=JenkinsModuleSource())
[01:58:20 INFO]: Loaded plugin reconnect_yaml version git:reconnect_yaml:1.19-R0.1-SNAPSHOT:f6069e2:513 by WaterfallMC
[01:58:20 INFO]: Loaded plugin cmd_find version git:cmd_find:1.19-R0.1-SNAPSHOT:f6069e2:513 by WaterfallMC
[01:58:20 INFO]: Loaded plugin cmd_server version git:cmd_server:1.19-R0.1-SNAPSHOT:f6069e2:513 by WaterfallMC
[01:58:20 INFO]: Loaded plugin cmd_alert version git:cmd_alert:1.19-R0.1-SNAPSHOT:f6069e2:513 by WaterfallMC
[01:58:20 INFO]: Loaded plugin cmd_send version git:cmd_send:1.19-R0.1-SNAPSHOT:f6069e2:513 by WaterfallMC
[01:58:20 INFO]: Loaded plugin cmd_list version git:cmd_list:1.19-R0.1-SNAPSHOT:f6069e2:513 by WaterfallMC
[01:58:20 WARN]: :>:>:>:>:>:>:>:>:>:>:>:>:>:>:>:>:>:>:>:>:>:>:>
[01:58:20 WARN]: :>  
[01:58:20 WARN]: :>      EAGLERCRAFTXBUNGEE WARNING:
[01:58:20 WARN]: :>  
[01:58:20 WARN]: :>  This plugin wasn't tested to be 'working'
[01:58:20 WARN]: :>  with ANY version of BungeeCord (and forks)
[01:58:20 WARN]: :>  apart from the versions listed below:
[01:58:20 WARN]: :>  
[01:58:20 WARN]: :>  - BungeeCord: 1.20-R0.3-SNAPSHOT:eda268b:1797
[01:58:20 WARN]: :>  - Waterfall: 1.20-R0.2-SNAPSHOT:92b5149:562
[01:58:20 WARN]: :>  - FlameCord: 1.1.1
[01:58:20 WARN]: :>  
[01:58:20 WARN]: :>  This is not a Bukkit/Spigot plugin!
[01:58:20 WARN]: :>  
[01:58:20 WARN]: :>  Use "-Deaglerxbungee.stfu=true" to hide
[01:58:20 WARN]: :>  
[01:58:20 WARN]: :>:>:>:>:>:>:>:>:>:>:>:>:>:>:>:>:>:>:>:>:>:>:>
[01:58:20 INFO]: Loaded plugin EaglercraftXBungee version 1.0.10 by lax1dude
[01:58:20 WARN]: Could not load server icon
java.lang.IllegalArgumentException: Server icon must be exactly 64x64 pixels
	at net.md_5.bungee.api.Favicon.create(Favicon.java:65) ~[bungee.jar:git:Waterfall-Bootstrap:1.19-R0.1-SNAPSHOT:f6069e2:513]
	at net.md_5.bungee.conf.Configuration.load(Configuration.java:89) ~[bungee.jar:git:Waterfall-Bootstrap:1.19-R0.1-SNAPSHOT:f6069e2:513]
	at io.github.waterfallmc.waterfall.conf.WaterfallConfiguration.load(WaterfallConfiguration.java:67) ~[bungee.jar:git:Waterfall-Bootstrap:1.19-R0.1-SNAPSHOT:f6069e2:513]
	at net.md_5.bungee.BungeeCord.start(BungeeCord.java:288) ~[bungee.jar:git:Waterfall-Bootstrap:1.19-R0.1-SNAPSHOT:f6069e2:513]
	at net.md_5.bungee.BungeeCordLauncher.main(BungeeCordLauncher.java:67) ~[bungee.jar:git:Waterfall-Bootstrap:1.19-R0.1-SNAPSHOT:f6069e2:513]
	at net.md_5.bungee.Bootstrap.main(Bootstrap.java:15) ~[bungee.jar:git:Waterfall-Bootstrap:1.19-R0.1-SNAPSHOT:f6069e2:513]
[01:58:20 INFO]: Enabled plugin reconnect_yaml version git:reconnect_yaml:1.19-R0.1-SNAPSHOT:f6069e2:513 by WaterfallMC
[01:58:20 INFO]: Enabled plugin cmd_find version git:cmd_find:1.19-R0.1-SNAPSHOT:f6069e2:513 by WaterfallMC
[01:58:20 INFO]: Enabled plugin cmd_server version git:cmd_server:1.19-R0.1-SNAPSHOT:f6069e2:513 by WaterfallMC
[01:58:20 INFO]: Enabled plugin cmd_alert version git:cmd_alert:1.19-R0.1-SNAPSHOT:f6069e2:513 by WaterfallMC
[01:58:20 INFO]: Enabled plugin cmd_send version git:cmd_send:1.19-R0.1-SNAPSHOT:f6069e2:513 by WaterfallMC
[01:58:20 INFO]: Enabled plugin cmd_list version git:cmd_list:1.19-R0.1-SNAPSHOT:f6069e2:513 by WaterfallMC
[01:58:20 ERROR] [EaglercraftXBungee]: Online mode is set to false! Authentication system has been disabled
[01:58:20 ERROR] [EaglercraftXBungee]: Eaglercraft could not bind port: /127.0.0.1:8081
[01:58:20 ERROR] [EaglercraftXBungee]: Reason: io.netty.channel.unix.Errors$NativeIoException: bind(..) failed: Address already in use
[01:58:20 INFO] [EaglercraftXBungee]: Connected to database: jdbc:sqlite:eaglercraft_skins_cache.db
[01:58:20 INFO]: Enabled plugin EaglercraftXBungee version 1.0.10 by lax1dude
[01:58:20 WARN]: Could not bind to host /127.0.0.1:25577
io.netty.channel.unix.Errors$NativeIoException: bind(..) failed: Address already in use
[01:58:21 INFO] [EaglercraftXBungee]: Loaded certificate: /workspaces/attempt6replit-test/bungee/plugins/EaglercraftXBungee/eagcert/$dl.b5049ee521872692a3d307ee115fd91cc8011c69.cert
[01:58:21 INFO] [EaglercraftXBungee]: Loaded certificate: /workspaces/attempt6replit-test/bungee/plugins/EaglercraftXBungee/eagcert/$dl.2c63d6a9be9d273db57d50cb026093cb97ea6e54.cert
