Loading libraries, please wait...
2024-11-02 02:08:36,880 main WARN Advanced terminal features are not available in this environment
[02:08:38 INFO]: Starting minecraft server version 1.8.8
[02:08:38 INFO]: Loading properties
[02:08:38 INFO]: Default game type: SURVIVAL
[02:08:38 INFO]: This server is running PandaSpigot version git-PandaSpigot-85 (MC: 1.8.8) (Implementing API version 1.8.8-R0.1-SNAPSHOT) (Git: 158d845)
[02:08:38 INFO]: Debug logging is disabled
[02:08:38 INFO]: Server Ping Player Sample Count: 12

[02:08:38 INFO]: Spigot Timings: true - Verbose: true - Interval: 5m - Length: 60m
[02:08:38 INFO]: Using 4 threads for Netty based IO
[02:08:38 INFO]: Data value allowed items: 
[02:08:38 INFO]: Generating keypair
[02:08:39 INFO]: Starting Minecraft server on localhost:25565
[02:08:39 INFO]: Set PluginClassLoader as parallel capable
[02:08:39 INFO]: [ProtocolSupport] Loading ProtocolSupport v4.23.dev
[02:08:39 INFO]: [ProtocolSupport] Allocator: PooledByteBufAllocator(directByDefault: true), direct: true
[02:08:39 INFO]: [ProtocolSupport] Compression level: 3
[02:08:39 INFO]: [ProtocolSupport] Assume 1.5.2 ping delay: 100
[02:08:39 INFO]: [ProtocolSupport] Assume legacy ping dealy: 200
[02:08:39 INFO]: [ProtocolSupport] Login threads max count: 8, keep alive time: 60
[02:08:39 WARN]: [ProtocolSupport] Native transport is enabled, this may causes issues. Disable it by setting use-native-transport in server.properties to false.
[02:08:39 INFO]: [ProtocolSupport] Using injected ServerConnection
[02:08:39 WARN]: java.lang.NoSuchFieldException: modifiers

[02:08:39 WARN]: 	at java.base/java.lang.Class.getDeclaredField(Class.java:2782)

[02:08:39 WARN]: 	at protocolsupport.utils.Utils.setStaticFinalField(Utils.java:22)

[02:08:39 WARN]: 	at protocolsupport.injector.ServerInjector.fixBlocksRefs(ServerInjector.java:83)

[02:08:39 WARN]: 	at protocolsupport.injector.ServerInjector.inject(ServerInjector.java:36)

[02:08:39 WARN]: 	at protocolsupport.ProtocolSupport.onLoad(ProtocolSupport.java:29)

[02:08:39 WARN]: 	at org.bukkit.craftbukkit.v1_8_R3.CraftServer.loadPlugins(CraftServer.java:303)

[02:08:39 WARN]: 	at net.minecraft.server.v1_8_R3.DedicatedServer.init(DedicatedServer.java:236)

[02:08:39 WARN]: 	at net.minecraft.server.v1_8_R3.MinecraftServer.run(MinecraftServer.java:603)

[02:08:39 WARN]: 	at net.minecraft.server.v1_8_R3.MinecraftServer.lambda$spin$0(MinecraftServer.java:133)

[02:08:39 WARN]: 	at java.base/java.lang.Thread.run(Thread.java:1583)

[02:08:39 INFO]: [ProtocolSupport] Enabling ProtocolSupport v4.23.dev
[02:08:39 WARN]: **** SERVER IS RUNNING IN OFFLINE/INSECURE MODE!
[02:08:39 WARN]: The server will make no attempt to authenticate usernames. Beware.
[02:08:39 WARN]: While this makes the game possible to play without internet access, it also opens up the ability for hackers to connect with any username they choose.
[02:08:39 WARN]: To change this, set "online-mode" to "true" in the server.properties file.
[02:08:39 INFO]: **** Beginning UUID conversion, this may take A LONG time ****
[02:08:39 INFO]: Preparing level "world"
[02:08:39 INFO]: -------- World Settings For [world] --------
[02:08:39 INFO]: Chunks to Grow per Tick: 650
[02:08:39 INFO]: Clear tick list: false
[02:08:39 INFO]: Experience Merge Radius: 3.0
[02:08:39 INFO]: Mob Spawn Range: 4
[02:08:39 INFO]: Anti X-Ray: true
[02:08:39 INFO]: 	Engine Mode: 1
[02:08:39 INFO]: 	Hidden Blocks: [14, 15, 16, 21, 48, 49, 54, 56, 73, 74, 82, 129, 130]
[02:08:39 INFO]: 	Replace Blocks: [1, 5]
[02:08:39 INFO]: Nerfing mobs spawned from spawners: false
[02:08:39 INFO]: Cactus Growth Modifier: 100%
[02:08:39 INFO]: Cane Growth Modifier: 100%
[02:08:39 INFO]: Melon Growth Modifier: 100%
[02:08:39 INFO]: Mushroom Growth Modifier: 100%
[02:08:39 INFO]: Pumpkin Growth Modifier: 100%
[02:08:39 INFO]: Sapling Growth Modifier: 100%
[02:08:39 INFO]: Wheat Growth Modifier: 100%
[02:08:39 INFO]: NetherWart Growth Modifier: 100%
[02:08:39 INFO]: Entity Activation Range: An 32 / Mo 32 / Mi 16
[02:08:39 INFO]: Entity Tracking Range: Pl 48 / An 48 / Mo 48 / Mi 32 / Other 64
[02:08:39 INFO]: Hopper Transfer: 8 Hopper Check: 8 Hopper Amount: 1
[02:08:39 INFO]: Random Lighting Updates: false
[02:08:39 INFO]: Structure Info Saving: true
[02:08:39 INFO]: Sending up to 10 chunks per packet
[02:08:39 INFO]: Max Entity Collisions: 8
[02:08:39 INFO]: Custom Map Seeds:  Village: 10387312 Feature: 14357617
[02:08:39 INFO]: Max TNT Explosions: 100
[02:08:39 INFO]: Tile Max Tick Time: 50ms Entity max Tick Time: 50ms
[02:08:39 INFO]: Item Despawn Rate: 6000
[02:08:39 INFO]: Item Merge Radius: 2.5
[02:08:39 INFO]: Arrow Despawn Rate: 1200
[02:08:39 INFO]: Allow Zombie Pigmen to spawn from portal blocks: true
[02:08:39 INFO]: View Distance: 10
[02:08:39 INFO]: Zombie Aggressive Towards Villager: true
[02:08:39 INFO]: -------- World Settings For [world] --------
[02:08:39 INFO]: Keep spawn chunk loaded: true
[02:08:39 INFO]: WorldServer TickNextTick cap set at 10000
[02:08:39 INFO]: WorldServer TickNextTickList cap always processes redstone: false
[02:08:39 INFO]: World async lighting: false
[02:08:39 INFO]: Remove invalid mob spawner tile entities: true
[02:08:39 INFO]: Player blocking damage multiplier set to 0.5
[02:08:39 INFO]: Squids will spawn between Y: 45.0 and Y: 63.0
[02:08:39 INFO]: Max height for cactus growth 3. Max height for reed growth 3
[02:08:39 INFO]: Living Entity Despawn Ranges:  Soft: 32 Hard: 128
[02:08:39 INFO]: Water over lava flow speed: 5
[02:08:39 INFO]: Fix TNT cannons: false
[02:08:39 INFO]: Allow undead horse types to be leashed: false
[02:08:39 INFO]: -------- World Settings For [world_nether] --------
[02:08:39 INFO]: Chunks to Grow per Tick: 650
[02:08:39 INFO]: Clear tick list: false
[02:08:39 INFO]: Experience Merge Radius: 3.0
[02:08:39 INFO]: Mob Spawn Range: 4
[02:08:39 INFO]: Anti X-Ray: true
[02:08:39 INFO]: 	Engine Mode: 1
[02:08:39 INFO]: 	Hidden Blocks: [14, 15, 16, 21, 48, 49, 54, 56, 73, 74, 82, 129, 130]
[02:08:39 INFO]: 	Replace Blocks: [1, 5]
[02:08:39 INFO]: Nerfing mobs spawned from spawners: false
[02:08:39 INFO]: Cactus Growth Modifier: 100%
[02:08:39 INFO]: Cane Growth Modifier: 100%
[02:08:39 INFO]: Melon Growth Modifier: 100%
[02:08:39 INFO]: Mushroom Growth Modifier: 100%
[02:08:39 INFO]: Pumpkin Growth Modifier: 100%
[02:08:39 INFO]: Sapling Growth Modifier: 100%
[02:08:39 INFO]: Wheat Growth Modifier: 100%
[02:08:39 INFO]: NetherWart Growth Modifier: 100%
[02:08:39 INFO]: Entity Activation Range: An 32 / Mo 32 / Mi 16
[02:08:39 INFO]: Entity Tracking Range: Pl 48 / An 48 / Mo 48 / Mi 32 / Other 64
[02:08:39 INFO]: Hopper Transfer: 8 Hopper Check: 8 Hopper Amount: 1
[02:08:39 INFO]: Random Lighting Updates: false
[02:08:39 INFO]: Structure Info Saving: true
[02:08:39 INFO]: Sending up to 10 chunks per packet
[02:08:39 INFO]: Max Entity Collisions: 8
[02:08:39 INFO]: Custom Map Seeds:  Village: 10387312 Feature: 14357617
[02:08:39 INFO]: Max TNT Explosions: 100
[02:08:39 INFO]: Tile Max Tick Time: 50ms Entity max Tick Time: 50ms
[02:08:39 INFO]: Item Despawn Rate: 6000
[02:08:39 INFO]: Item Merge Radius: 2.5
[02:08:39 INFO]: Arrow Despawn Rate: 1200
[02:08:39 INFO]: Allow Zombie Pigmen to spawn from portal blocks: true
[02:08:39 INFO]: View Distance: 10
[02:08:39 INFO]: Zombie Aggressive Towards Villager: true
[02:08:39 INFO]: -------- World Settings For [world_nether] --------
[02:08:39 INFO]: Keep spawn chunk loaded: true
[02:08:39 INFO]: WorldServer TickNextTick cap set at 10000
[02:08:39 INFO]: WorldServer TickNextTickList cap always processes redstone: false
[02:08:39 INFO]: World async lighting: false
[02:08:39 INFO]: Remove invalid mob spawner tile entities: true
[02:08:39 INFO]: Player blocking damage multiplier set to 0.5
[02:08:39 INFO]: Squids will spawn between Y: 45.0 and Y: 63.0
[02:08:39 INFO]: Max height for cactus growth 3. Max height for reed growth 3
[02:08:39 INFO]: Living Entity Despawn Ranges:  Soft: 32 Hard: 128
[02:08:39 INFO]: Water over lava flow speed: 5
[02:08:39 INFO]: Fix TNT cannons: false
[02:08:39 INFO]: Allow undead horse types to be leashed: false
[02:08:39 INFO]: -------- World Settings For [world_the_end] --------
[02:08:39 INFO]: Chunks to Grow per Tick: 650
[02:08:39 INFO]: Clear tick list: false
[02:08:39 INFO]: Experience Merge Radius: 3.0
[02:08:39 INFO]: Mob Spawn Range: 4
[02:08:39 INFO]: Anti X-Ray: true
[02:08:39 INFO]: 	Engine Mode: 1
[02:08:39 INFO]: 	Hidden Blocks: [14, 15, 16, 21, 48, 49, 54, 56, 73, 74, 82, 129, 130]
[02:08:39 INFO]: 	Replace Blocks: [1, 5]
[02:08:39 INFO]: Nerfing mobs spawned from spawners: false
[02:08:39 INFO]: Cactus Growth Modifier: 100%
[02:08:39 INFO]: Cane Growth Modifier: 100%
[02:08:39 INFO]: Melon Growth Modifier: 100%
[02:08:39 INFO]: Mushroom Growth Modifier: 100%
[02:08:39 INFO]: Pumpkin Growth Modifier: 100%
[02:08:39 INFO]: Sapling Growth Modifier: 100%
[02:08:39 INFO]: Wheat Growth Modifier: 100%
[02:08:39 INFO]: NetherWart Growth Modifier: 100%
[02:08:39 INFO]: Entity Activation Range: An 32 / Mo 32 / Mi 16
[02:08:39 INFO]: Entity Tracking Range: Pl 48 / An 48 / Mo 48 / Mi 32 / Other 64
[02:08:39 INFO]: Hopper Transfer: 8 Hopper Check: 8 Hopper Amount: 1
[02:08:39 INFO]: Random Lighting Updates: false
[02:08:39 INFO]: Structure Info Saving: true
[02:08:39 INFO]: Sending up to 10 chunks per packet
[02:08:39 INFO]: Max Entity Collisions: 8
[02:08:39 INFO]: Custom Map Seeds:  Village: 10387312 Feature: 14357617
[02:08:39 INFO]: Max TNT Explosions: 100
[02:08:39 INFO]: Tile Max Tick Time: 50ms Entity max Tick Time: 50ms
[02:08:39 INFO]: Item Despawn Rate: 6000
[02:08:39 INFO]: Item Merge Radius: 2.5
[02:08:39 INFO]: Arrow Despawn Rate: 1200
[02:08:39 INFO]: Allow Zombie Pigmen to spawn from portal blocks: true
[02:08:39 INFO]: View Distance: 10
[02:08:39 INFO]: Zombie Aggressive Towards Villager: true
[02:08:39 INFO]: -------- World Settings For [world_the_end] --------
[02:08:39 INFO]: Keep spawn chunk loaded: true
[02:08:39 INFO]: WorldServer TickNextTick cap set at 10000
[02:08:39 INFO]: WorldServer TickNextTickList cap always processes redstone: false
[02:08:39 INFO]: World async lighting: false
[02:08:39 INFO]: Remove invalid mob spawner tile entities: true
[02:08:39 INFO]: Player blocking damage multiplier set to 0.5
[02:08:39 INFO]: Squids will spawn between Y: 45.0 and Y: 63.0
[02:08:39 INFO]: Max height for cactus growth 3. Max height for reed growth 3
[02:08:39 INFO]: Living Entity Despawn Ranges:  Soft: 32 Hard: 128
[02:08:39 INFO]: Water over lava flow speed: 5
[02:08:39 INFO]: Fix TNT cannons: false
[02:08:39 INFO]: Allow undead horse types to be leashed: false
[02:08:39 INFO]: Preparing start region for level 0 (Seed: 337829531948064393)
[02:08:39 INFO]: Preparing start region for level 1 (Seed: 337829531948064393)
[02:08:39 INFO]: Preparing start region for level 2 (Seed: 337829531948064393)
[02:08:39 INFO]: Server permissions file permissions.yml is empty, ignoring it
[02:08:39 INFO]: Done (0.139s)! For help, type "help" or "?"
[02:08:39 INFO]: Using epoll channel type
[02:08:39 INFO]: Stopping server
[02:08:39 INFO]: [ProtocolSupport] Disabling ProtocolSupport v4.23.dev
[02:08:39 INFO]: Saving players
[02:08:39 INFO]: Saving worlds
[02:08:39 INFO]: Saving chunks for level 'world'/Overworld
[02:08:39 INFO]: Saving chunks for level 'world_nether'/Nether
[02:08:39 INFO]: Saving chunks for level 'world_the_end'/The End
